<?xml version="1.0" encoding="UTF-8"?>
<testsuite name="fr.boivina.sb.BarberShopTest" time="2.555" tests="4" errors="0" skipped="0" failures="1">
  <properties>
[...]
</properties>
  <testcase name="should_reject_when_too_many_clients[0]" classname="fr.boivina.sb.BarberShopTest" time="0.911">
    <failure message="expected:&lt;[tru]e&gt; but was:&lt;[fals]e&gt;" type="org.junit.ComparisonFailure"><![CDATA[org.junit.ComparisonFailure: expected:<[tru]e> but was:<[fals]e>
	at sun.reflect.NativeConstructorAccessorImpl.newInstance0(Native Method)
	at sun.reflect.NativeConstructorAccessorImpl.newInstance(NativeConstructorAccessorImpl.java:62)
	at sun.reflect.DelegatingConstructorAccessorImpl.newInstance(DelegatingConstructorAccessorImpl.java:45)
	at fr.boivina.sb.BarberShopTest.should_reject_when_too_many_clients(BarberShopTest.java:110)
]]></failure>
    <system-out><![CDATA[00:32:50.457 [main] DEBUG fr.boivina.sb.BarberShop - fr.boivina.sb.Client@7a79be86 enter the shop.
00:32:50.462 [main] DEBUG fr.boivina.sb.BarberShop - fr.boivina.sb.Client@19dfb72a enter the shop.
00:32:50.462 [main] DEBUG fr.boivina.sb.BarberShop - fr.boivina.sb.Client@17c68925 enter the shop.
00:32:50.462 [main] DEBUG fr.boivina.sb.BarberShop - fr.boivina.sb.Client@7e0ea639 enter the shop.
00:32:50.462 [main] DEBUG fr.boivina.sb.BarberShop - Waiting room is full for client %s
]]></system-out>
  </testcase>
  <testcase name="should_keep_client_order[0]" classname="fr.boivina.sb.BarberShopTest" time="0.682"/>
  <testcase name="should_send_second_client_in_wainting_room[0]" classname="fr.boivina.sb.BarberShopTest" time="0.632"/>
  <testcase name="should_accept_new_client[0]" classname="fr.boivina.sb.BarberShopTest" time="0.33"/>
</testsuite>